<?xml version="1.0" encoding="UTF-8"?>
<!-- Generated by org.testng.reporters.JUnitReportReporter -->
<testsuite skipped="0" hostname="Lenovo" name="com.TestNg_Concepts.Grouping_Test" tests="5" failures="0" timestamp="2021-03-06T11:19:25 IST" time="0.188" errors="0">
  <testcase name="bookSearch" time="0.085" classname="com.TestNg_Concepts.Grouping_Test"/>
  <testcase name="novelSearch" time="0.013" classname="com.TestNg_Concepts.Grouping_Test"/>
  <testcase name="laptopSearch" time="0.057" classname="com.TestNg_Concepts.Grouping_Test"/>
  <testcase name="earphonesSearch" time="0.015" classname="com.TestNg_Concepts.Grouping_Test"/>
  <testcase name="mobileSearch" time="0.018" classname="com.TestNg_Concepts.Grouping_Test"/>
</testsuite> <!-- com.TestNg_Concepts.Grouping_Test -->
