<?xml version="1.0" encoding="UTF-8"?>
<!-- Generated by org.testng.reporters.JUnitReportReporter -->
<testsuite skipped="0" hostname="Lenovo" name="com.TestNg_Concepts.Invocation_Count" tests="6" failures="0" timestamp="2021-03-06T10:35:17 IST" time="0.122" errors="0">
  <testcase name="refresh" time="0.013" classname="com.TestNg_Concepts.Invocation_Count"/>
  <testcase name="refresh" time="0.011" classname="com.TestNg_Concepts.Invocation_Count"/>
  <testcase name="bookSearch" time="0.059" classname="com.TestNg_Concepts.Invocation_Count"/>
  <testcase name="termsAndConditions" time="0.023" classname="com.TestNg_Concepts.Invocation_Count"/>
  <testcase name="refresh" time="0.006" classname="com.TestNg_Concepts.Invocation_Count"/>
  <testcase name="refresh" time="0.010" classname="com.TestNg_Concepts.Invocation_Count"/>
</testsuite> <!-- com.TestNg_Concepts.Invocation_Count -->
