<?xml version="1.0" encoding="UTF-8"?>
<!-- Generated by org.testng.reporters.JUnitReportReporter -->
<testsuite skipped="0" hostname="Lenovo" name="com.TestNg_Concepts.Exception_Test" tests="1" failures="0" timestamp="2021-03-06T10:55:56 IST" time="0.082" errors="0">
  <testcase name="add" time="0.082" classname="com.TestNg_Concepts.Exception_Test"/>
</testsuite> <!-- com.TestNg_Concepts.Exception_Test -->
